<?xml version="1.0" encoding="UTF-8"?>
<!-- Generated by org.testng.reporters.JUnitXMLReporter -->
<testsuite hostname="DESKTOP-7KDJC88" ignored="0" name="Command line test" tests="6" failures="0" timestamp="2021-09-05T12:57:35 IST" time="0.06" errors="0">
  <testcase name="Android" time="0.005" classname="Framework.MavenJava.AppiumTest"/>
  <testcase name="ios" time="0.0" classname="Framework.MavenJava.AppiumTest"/>
  <testcase name="deleteTwitter" time="0.001" classname="Framework.MavenJava.RestAPITest"/>
  <testcase name="postJira" time="0.0" classname="Framework.MavenJava.RestAPITest"/>
  <testcase name="InvokeDriver" time="0.0" classname="Framework.MavenJava.SeleniumTest"/>
  <testcase name="Webpage" time="0.0" classname="Framework.MavenJava.SeleniumTest"/>
</testsuite> <!-- Command line test -->
