<?xml version="1.0" encoding="UTF-8"?>
<!-- Generated by org.testng.reporters.JUnitXMLReporter -->
<testsuite hostname="DESKTOP-7KDJC88" ignored="0" name="Test" tests="6" failures="0" timestamp="2021-09-05T13:35:06 IST" time="0.055" errors="0">
  <testcase name="InvokeDriver" time="0.005" classname="Framework.MavenJava.SeleniumTest"/>
  <testcase name="Webpage" time="0.0" classname="Framework.MavenJava.SeleniumTest"/>
  <testcase name="deleteTwitter" time="0.001" classname="Framework.MavenJava.RestAPITest"/>
  <testcase name="postJira" time="0.0" classname="Framework.MavenJava.RestAPITest"/>
  <testcase name="Android" time="0.0" classname="Framework.MavenJava.AppiumTest"/>
  <testcase name="ios" time="0.004" classname="Framework.MavenJava.AppiumTest"/>
</testsuite> <!-- Test -->
