<?xml version="1.0" encoding="UTF-8"?>
<testsuite xmlns:xsi="http://www.w3.org/2001/XMLSchema-instance" xsi:noNamespaceSchemaLocation="https://maven.apache.org/surefire/maven-surefire-plugin/xsd/surefire-test-report-3.0.xsd" version="3.0" name="Framework.MavenJava.AppiumTest" time="0.956" tests="2" errors="0" skipped="0" failures="0">
  <properties>
[...]
</properties>
  <testcase name="Android" classname="Framework.MavenJava.AppiumTest" time="0.006">
    <system-out><![CDATA[Andoid app is running
]]></system-out>
  </testcase>
  <testcase name="ios" classname="Framework.MavenJava.AppiumTest" time="0.001">
    <system-out><![CDATA[ios app is running
]]></system-out>
  </testcase>
</testsuite>